#############################################################################
### Inmates Tracking System                                               ###
###                                                                       ###
###    _______________________________________________________________    ###
###   | ID  | Date of Starting  | Full Name        | Roll             |   ###
###   |=====|===================|==================|==================|   ###
###   |  1  | May 22, 2020      | Ansh Garg        | Developer        |   ###
###   |  2  | May --, 2020      | Tarun Dixit      | Developer        |   ###
###   |_____|___________________|__________________|__________________|   ###
###                                                                       ###
#############################################################################
###                                                                       ###
###   Please follow the following method for logging the db changes       ###
###     ### Date -> (Developer ID)                                        ###
###       ### Comments for performed changes (if any)                     ###
###                                                                       ###
#############################################################################
#############################################################################

### May 22, 2020  -> (1)
CREATE TABLE `jail`.`admindetails` ( `id` INT NOT NULL AUTO_INCREMENT , `firstName` TEXT NULL DEFAULT NULL , `lastName` TEXT NULL DEFAULT NULL , `emailAddress` TEXT NULL DEFAULT NULL , `phoneNumber` TEXT NULL DEFAULT NULL , `username` TEXT NULL DEFAULT NULL , `password` TEXT NULL DEFAULT NULL , `generatedAt` TIMESTAMP NULL DEFAULT NULL , `updatedAt` TIMESTAMP NULL DEFAULT NULL , `enabled` INT(1) NOT NULL DEFAULT '1' , PRIMARY KEY (`id`)) ENGINE = InnoDB;
ALTER TABLE `admindetails` ADD `lastLoginAt` TIMESTAMP NULL AFTER `password`;
